Exception at PC 0x00007FFE2715A1C8
Exception at PC 0x00007FFE2715A1C8
Exception at PC 0x00007FFE2715A1C8
Exception at PC 0x00007FFE2715A1C8
Exception at PC 0x00007FFDCD56E132
Attemped to write at address 0x00007FFE0B7F4AA4
Printing stacktrace...

[0]  [0x00007FFDCD56E132]
[1]  [0x00007FFDCD56E132]
[2]  [0x00007FFDCD56E194]
[3]  [0x00007FFDCD1BD0D7]
[4]  [0x00007FFDCD0A2BCA]
[5]  [0x00007FFDCD0A2FD1]
[6]  [0x00007FFDCD56EB2F]
[7]  [0x00007FFDCD42C19D]
[8]  [0x00007FFDCD425942]
[9]  [0x00007FFDCD425AB5]
[10] (RtlEqualUnicodeString+0x120) [0x00007FFE29C63D70]
[11] (LdrShutdownProcess+0x14a) [0x00007FFE29C8638A]
[12] (RtlExitUserProcess+0xb4) [0x00007FFE29C86224]
[13] (FatalExit+0xa) [0x00007FFE294EEF5A]
[14] (exit+0x95) [0x00007FFE27B6A235]
[15] (initterm_e+0x243) [0x00007FFE27B6A8C3]
[16]  [0x00000000004014CD]
[17]  [0x000000000040151B]
[18] (BaseThreadInitThunk+0x22) [0x00007FFE294E2D92]
[19] (RtlUserThreadStart+0x34) [0x00007FFE29C49F64]
Done
